# JRE version: OpenJDK Runtime Environment Temurin-21.0.9+10 (21.0.9+10) (build 21.0.9+10-LTS)
# Java VM: OpenJDK 64-Bit Server VM Temurin-21.0.9+10 (21.0.9+10-LTS, mixed mode, sharing, tiered, compressed oops, compressed class ptrs, parallel gc, windows-amd64)
GC Precious Log:
 CardTable entry size: 512
 CPUs: 16 total, 16 available
 Memory: 16068M
 Large Page Support: Disabled
 NUMA Support: Disabled
 Compressed Oops: Enabled (32-bit)
 Alignments: Space 512K, Generation 512K, Heap 2M
 Heap Min Capacity: 100M
 Heap Initial Capacity: 100M
 Heap Max Capacity: 2G
 Pre-touch: Disabled
 Parallel Workers: 13
Heap:
 PSYoungGen      total 3584K, used 494K [0x00000000d5580000, 0x00000000d5a80000, 0x0000000100000000)
  eden space 3072K, 0% used [0x00000000d5580000,0x00000000d5580000,0x00000000d5880000)
  from space 512K, 96% used [0x00000000d5a00000,0x00000000d5a7bb50,0x00000000d5a80000)
  to   space 1024K, 0% used [0x00000000d5900000,0x00000000d5900000,0x00000000d5a00000)
 ParOldGen       total 553472K, used 553376K [0x0000000080000000, 0x00000000a1c80000, 0x00000000d5580000)
  object space 553472K, 99% used [0x0000000080000000,0x00000000a1c682f0,0x00000000a1c80000)
 Metaspace       used 68871K, committed 70272K, reserved 1114112K
  class space    used 7287K, committed 7872K, reserved 1048576K
GC Heap History (20 events):
Event: 757.677 GC heap before
{Heap before GC invocations=386 (full 3):
 PSYoungGen      total 5632K, used 5632K [0x00000000d5580000, 0x00000000d6c80000, 0x0000000100000000)
  eden space 1536K, 100% used [0x00000000d5580000,0x00000000d5700000,0x00000000d5700000)
  from space 4096K, 100% used [0x00000000d5f80000,0x00000000d6380000,0x00000000d6380000)
  to   space 8704K, 0% used [0x00000000d5700000,0x00000000d5700000,0x00000000d5f80000)
 ParOldGen       total 540160K, used 540021K [0x0000000080000000, 0x00000000a0f80000, 0x00000000d5580000)
  object space 540160K, 99% used [0x0000000080000000,0x00000000a0f5d6a0,0x00000000a0f80000)
 Metaspace       used 67783K, committed 69248K, reserved 1114112K
  class space    used 7219K, committed 7808K, reserved 1048576K
}
Event: 757.679 GC heap after
{Heap after GC invocations=386 (full 3):
 PSYoungGen      total 3072K, used 1408K [0x00000000d5580000, 0x00000000d6000000, 0x0000000100000000)
  eden space 1536K, 0% used [0x00000000d5580000,0x00000000d5580000,0x00000000d5700000)
  from space 1536K, 91% used [0x00000000d5700000,0x00000000d5860000,0x00000000d5880000)
  to   space 4096K, 0% used [0x00000000d5c00000,0x00000000d5c00000,0x00000000d6000000)
 ParOldGen       total 544256K, used 543957K [0x0000000080000000, 0x00000000a1380000, 0x00000000d5580000)
  object space 544256K, 99% used [0x0000000080000000,0x00000000a13356a0,0x00000000a1380000)
 Metaspace       used 67783K, committed 69248K, reserved 1114112K
  class space    used 7219K, committed 7808K, reserved 1048576K
}
Event: 757.680 GC heap before
{Heap before GC invocations=387 (full 3):
 PSYoungGen      total 3072K, used 2944K [0x00000000d5580000, 0x00000000d6000000, 0x0000000100000000)
  eden space 1536K, 100% used [0x00000000d5580000,0x00000000d5700000,0x00000000d5700000)
  from space 1536K, 91% used [0x00000000d5700000,0x00000000d5860000,0x00000000d5880000)
  to   space 4096K, 0% used [0x00000000d5c00000,0x00000000d5c00000,0x00000000d6000000)
 ParOldGen       total 544256K, used 543957K [0x0000000080000000, 0x00000000a1380000, 0x00000000d5580000)
  object space 544256K, 99% used [0x0000000080000000,0x00000000a13356a0,0x00000000a1380000)
 Metaspace       used 67784K, committed 69248K, reserved 1114112K
  class space    used 7219K, committed 7808K, reserved 1048576K
}
Event: 757.682 GC heap after
{Heap after GC invocations=387 (full 3):
 PSYoungGen      total 3584K, used 1408K [0x00000000d5580000, 0x00000000d5d80000, 0x0000000100000000)
  eden space 2048K, 0% used [0x00000000d5580000,0x00000000d5580000,0x00000000d5780000)
  from space 1536K, 91% used [0x00000000d5c00000,0x00000000d5d60000,0x00000000d5d80000)
  to   space 2048K, 0% used [0x00000000d5980000,0x00000000d5980000,0x00000000d5b80000)
 ParOldGen       total 545280K, used 545141K [0x0000000080000000, 0x00000000a1480000, 0x00000000d5580000)
  object space 545280K, 99% used [0x0000000080000000,0x00000000a145d6a0,0x00000000a1480000)
 Metaspace       used 67784K, committed 69248K, reserved 1114112K
  class space    used 7219K, committed 7808K, reserved 1048576K
}
Event: 757.684 GC heap before
{Heap before GC invocations=388 (full 3):
 PSYoungGen      total 3584K, used 3456K [0x00000000d5580000, 0x00000000d5d80000, 0x0000000100000000)
  eden space 2048K, 100% used [0x00000000d5580000,0x00000000d5780000,0x00000000d5780000)
  from space 1536K, 91% used [0x00000000d5c00000,0x00000000d5d60000,0x00000000d5d80000)
  to   space 2048K, 0% used [0x00000000d5980000,0x00000000d5980000,0x00000000d5b80000)
 ParOldGen       total 545280K, used 545141K [0x0000000080000000, 0x00000000a1480000, 0x00000000d5580000)
  object space 545280K, 99% used [0x0000000080000000,0x00000000a145d6a0,0x00000000a1480000)
 Metaspace       used 67784K, committed 69248K, reserved 1114112K
  class space    used 7219K, committed 7808K, reserved 1048576K
}
Event: 757.685 GC heap after
{Heap after GC invocations=388 (full 3):
 PSYoungGen      total 4608K, used 1792K [0x00000000d5580000, 0x00000000d5c80000, 0x0000000100000000)
  eden space 2560K, 0% used [0x00000000d5580000,0x00000000d5580000,0x00000000d5800000)
  from space 2048K, 87% used [0x00000000d5980000,0x00000000d5b40000,0x00000000d5b80000)
  to   space 1024K, 0% used [0x00000000d5b80000,0x00000000d5b80000,0x00000000d5c80000)
 ParOldGen       total 546816K, used 546317K [0x0000000080000000, 0x00000000a1600000, 0x00000000d5580000)
  object space 546816K, 99% used [0x0000000080000000,0x00000000a15836a0,0x00000000a1600000)
 Metaspace       used 67784K, committed 69248K, reserved 1114112K
  class space    used 7219K, committed 7808K, reserved 1048576K
}
Event: 757.688 GC heap before
{Heap before GC invocations=389 (full 3):
 PSYoungGen      total 4608K, used 4352K [0x00000000d5580000, 0x00000000d5c80000, 0x0000000100000000)
  eden space 2560K, 100% used [0x00000000d5580000,0x00000000d5800000,0x00000000d5800000)
  from space 2048K, 87% used [0x00000000d5980000,0x00000000d5b40000,0x00000000d5b80000)
  to   space 1024K, 0% used [0x00000000d5b80000,0x00000000d5b80000,0x00000000d5c80000)
 ParOldGen       total 546816K, used 546317K [0x0000000080000000, 0x00000000a1600000, 0x00000000d5580000)
  object space 546816K, 99% used [0x0000000080000000,0x00000000a15836a0,0x00000000a1600000)
 Metaspace       used 67785K, committed 69248K, reserved 1114112K
  class space    used 7219K, committed 7808K, reserved 1048576K
}
Event: 757.689 GC heap after
{Heap after GC invocations=389 (full 3):
 PSYoungGen      total 3072K, used 1024K [0x00000000d5580000, 0x00000000d6080000, 0x0000000100000000)
  eden space 2048K, 0% used [0x00000000d5580000,0x00000000d5580000,0x00000000d5780000)
  from space 1024K, 100% used [0x00000000d5b80000,0x00000000d5c80000,0x00000000d5c80000)
  to   space 4096K, 0% used [0x00000000d5780000,0x00000000d5780000,0x00000000d5b80000)
 ParOldGen       total 548864K, used 548813K [0x0000000080000000, 0x00000000a1800000, 0x00000000d5580000)
  object space 548864K, 99% used [0x0000000080000000,0x00000000a17f36a0,0x00000000a1800000)
 Metaspace       used 67785K, committed 69248K, reserved 1114112K
  class space    used 7219K, committed 7808K, reserved 1048576K
}
Event: 757.748 GC heap before
{Heap before GC invocations=390 (full 3):
 PSYoungGen      total 3072K, used 3071K [0x00000000d5580000, 0x00000000d6080000, 0x0000000100000000)
  eden space 2048K, 99% used [0x00000000d5580000,0x00000000d577ffe0,0x00000000d5780000)
  from space 1024K, 100% used [0x00000000d5b80000,0x00000000d5c80000,0x00000000d5c80000)
  to   space 4096K, 0% used [0x00000000d5780000,0x00000000d5780000,0x00000000d5b80000)
 ParOldGen       total 548864K, used 548813K [0x0000000080000000, 0x00000000a1800000, 0x00000000d5580000)
  object space 548864K, 99% used [0x0000000080000000,0x00000000a17f36a0,0x00000000a1800000)
 Metaspace       used 67813K, committed 69248K, reserved 1114112K
  class space    used 7220K, committed 7808K, reserved 1048576K
}
Event: 757.749 GC heap after
{Heap after GC invocations=390 (full 3):
 PSYoungGen      total 3584K, used 1184K [0x00000000d5580000, 0x00000000d5c00000, 0x0000000100000000)
  eden space 2048K, 0% used [0x00000000d5580000,0x00000000d5580000,0x00000000d5780000)
  from space 1536K, 77% used [0x00000000d5780000,0x00000000d58a8000,0x00000000d5900000)
  to   space 2048K, 0% used [0x00000000d5a00000,0x00000000d5a00000,0x00000000d5c00000)
 ParOldGen       total 550400K, used 549893K [0x0000000080000000, 0x00000000a1980000, 0x00000000d5580000)
  object space 550400K, 99% used [0x0000000080000000,0x00000000a19016a0,0x00000000a1980000)
 Metaspace       used 67813K, committed 69248K, reserved 1114112K
  class space    used 7220K, committed 7808K, reserved 1048576K
}
Event: 757.771 GC heap before
{Heap before GC invocations=391 (full 3):
 PSYoungGen      total 3584K, used 3184K [0x00000000d5580000, 0x00000000d5c00000, 0x0000000100000000)
  eden space 2048K, 97% used [0x00000000d5580000,0x00000000d5774138,0x00000000d5780000)
  from space 1536K, 77% used [0x00000000d5780000,0x00000000d58a8000,0x00000000d5900000)
  to   space 2048K, 0% used [0x00000000d5a00000,0x00000000d5a00000,0x00000000d5c00000)
 ParOldGen       total 550400K, used 549893K [0x0000000080000000, 0x00000000a1980000, 0x00000000d5580000)
  object space 550400K, 99% used [0x0000000080000000,0x00000000a19016a0,0x00000000a1980000)
 Metaspace       used 67925K, committed 69376K, reserved 1114112K
  class space    used 7230K, committed 7808K, reserved 1048576K
}
Event: 757.772 GC heap after
{Heap after GC invocations=391 (full 3):
 PSYoungGen      total 3584K, used 579K [0x00000000d5580000, 0x00000000d5b00000, 0x0000000100000000)
  eden space 2560K, 0% used [0x00000000d5580000,0x00000000d5580000,0x00000000d5800000)
  from space 1024K, 56% used [0x00000000d5a00000,0x00000000d5a90de0,0x00000000d5b00000)
  to   space 1024K, 0% used [0x00000000d5900000,0x00000000d5900000,0x00000000d5a00000)
 ParOldGen       total 550912K, used 550813K [0x0000000080000000, 0x00000000a1a00000, 0x00000000d5580000)
  object space 550912K, 99% used [0x0000000080000000,0x00000000a19e76a0,0x00000000a1a00000)
 Metaspace       used 67925K, committed 69376K, reserved 1114112K
  class space    used 7230K, committed 7808K, reserved 1048576K
}
Event: 757.775 GC heap before
{Heap before GC invocations=392 (full 3):
 PSYoungGen      total 3584K, used 3125K [0x00000000d5580000, 0x00000000d5b00000, 0x0000000100000000)
  eden space 2560K, 99% used [0x00000000d5580000,0x00000000d57fc930,0x00000000d5800000)
  from space 1024K, 56% used [0x00000000d5a00000,0x00000000d5a90de0,0x00000000d5b00000)
  to   space 1024K, 0% used [0x00000000d5900000,0x00000000d5900000,0x00000000d5a00000)
 ParOldGen       total 550912K, used 550813K [0x0000000080000000, 0x00000000a1a00000, 0x00000000d5580000)
  object space 550912K, 99% used [0x0000000080000000,0x00000000a19e76a0,0x00000000a1a00000)
 Metaspace       used 67926K, committed 69376K, reserved 1114112K
  class space    used 7230K, committed 7808K, reserved 1048576K
}
Event: 757.776 GC heap after
{Heap after GC invocations=392 (full 3):
 PSYoungGen      total 4096K, used 356K [0x00000000d5580000, 0x00000000d5a80000, 0x0000000100000000)
  eden space 3072K, 0% used [0x00000000d5580000,0x00000000d5580000,0x00000000d5880000)
  from space 1024K, 34% used [0x00000000d5900000,0x00000000d5959170,0x00000000d5a00000)
  to   space 512K, 0% used [0x00000000d5a00000,0x00000000d5a00000,0x00000000d5a80000)
 ParOldGen       total 551424K, used 551258K [0x0000000080000000, 0x00000000a1a80000, 0x00000000d5580000)
  object space 551424K, 99% used [0x0000000080000000,0x00000000a1a56b70,0x00000000a1a80000)
 Metaspace       used 67926K, committed 69376K, reserved 1114112K
  class space    used 7230K, committed 7808K, reserved 1048576K
}
Event: 757.783 GC heap before
{Heap before GC invocations=393 (full 3):
 PSYoungGen      total 4096K, used 3376K [0x00000000d5580000, 0x00000000d5a80000, 0x0000000100000000)
  eden space 3072K, 98% used [0x00000000d5580000,0x00000000d5872fe0,0x00000000d5880000)
  from space 1024K, 34% used [0x00000000d5900000,0x00000000d5959170,0x00000000d5a00000)
  to   space 512K, 0% used [0x00000000d5a00000,0x00000000d5a00000,0x00000000d5a80000)
 ParOldGen       total 551424K, used 551258K [0x0000000080000000, 0x00000000a1a80000, 0x00000000d5580000)
  object space 551424K, 99% used [0x0000000080000000,0x00000000a1a56b70,0x00000000a1a80000)
 Metaspace       used 68118K, committed 69568K, reserved 1114112K
  class space    used 7237K, committed 7808K, reserved 1048576K
}
Event: 757.784 GC heap after
{Heap after GC invocations=393 (full 3):
 PSYoungGen      total 3584K, used 384K [0x00000000d5580000, 0x00000000d5a80000, 0x0000000100000000)
  eden space 3072K, 0% used [0x00000000d5580000,0x00000000d5580000,0x00000000d5880000)
  from space 512K, 75% used [0x00000000d5a00000,0x00000000d5a60000,0x00000000d5a80000)
  to   space 512K, 0% used [0x00000000d5980000,0x00000000d5980000,0x00000000d5a00000)
 ParOldGen       total 551424K, used 551258K [0x0000000080000000, 0x00000000a1a80000, 0x00000000d5580000)
  object space 551424K, 99% used [0x0000000080000000,0x00000000a1a56b70,0x00000000a1a80000)
 Metaspace       used 68118K, committed 69568K, reserved 1114112K
  class space    used 7237K, committed 7808K, reserved 1048576K
}
Event: 757.801 GC heap before
{Heap before GC invocations=394 (full 3):
 PSYoungGen      total 3584K, used 3449K [0x00000000d5580000, 0x00000000d5a80000, 0x0000000100000000)
  eden space 3072K, 99% used [0x00000000d5580000,0x00000000d587e758,0x00000000d5880000)
  from space 512K, 75% used [0x00000000d5a00000,0x00000000d5a60000,0x00000000d5a80000)
  to   space 512K, 0% used [0x00000000d5980000,0x00000000d5980000,0x00000000d5a00000)
 ParOldGen       total 551424K, used 551258K [0x0000000080000000, 0x00000000a1a80000, 0x00000000d5580000)
  object space 551424K, 99% used [0x0000000080000000,0x00000000a1a56b70,0x00000000a1a80000)
 Metaspace       used 68342K, committed 69760K, reserved 1114112K
  class space    used 7250K, committed 7808K, reserved 1048576K
}
Event: 757.802 GC heap after
{Heap after GC invocations=394 (full 3):
 PSYoungGen      total 3584K, used 497K [0x00000000d5580000, 0x00000000d5b80000, 0x0000000100000000)
  eden space 3072K, 0% used [0x00000000d5580000,0x00000000d5580000,0x00000000d5880000)
  from space 512K, 97% used [0x00000000d5980000,0x00000000d59fc700,0x00000000d5a00000)
  to   space 1536K, 0% used [0x00000000d5a00000,0x00000000d5a00000,0x00000000d5b80000)
 ParOldGen       total 551936K, used 551705K [0x0000000080000000, 0x00000000a1b00000, 0x00000000d5580000)
  object space 551936K, 99% used [0x0000000080000000,0x00000000a1ac6788,0x00000000a1b00000)
 Metaspace       used 68342K, committed 69760K, reserved 1114112K
  class space    used 7250K, committed 7808K, reserved 1048576K
}
Event: 758.849 GC heap before
{Heap before GC invocations=395 (full 3):
 PSYoungGen      total 3584K, used 3569K [0x00000000d5580000, 0x00000000d5b80000, 0x0000000100000000)
  eden space 3072K, 100% used [0x00000000d5580000,0x00000000d5880000,0x00000000d5880000)
  from space 512K, 97% used [0x00000000d5980000,0x00000000d59fc700,0x00000000d5a00000)
  to   space 1536K, 0% used [0x00000000d5a00000,0x00000000d5a00000,0x00000000d5b80000)
 ParOldGen       total 551936K, used 551705K [0x0000000080000000, 0x00000000a1b00000, 0x00000000d5580000)
  object space 551936K, 99% used [0x0000000080000000,0x00000000a1ac6788,0x00000000a1b00000)
 Metaspace       used 68630K, committed 70080K, reserved 1114112K
  class space    used 7270K, committed 7872K, reserved 1048576K
}
Event: 758.850 GC heap after
{Heap after GC invocations=395 (full 3):
 PSYoungGen      total 4096K, used 672K [0x00000000d5580000, 0x00000000d5b00000, 0x0000000100000000)
  eden space 3072K, 0% used [0x00000000d5580000,0x00000000d5580000,0x00000000d5880000)
  from space 1024K, 65% used [0x00000000d5a00000,0x00000000d5aa8000,0x00000000d5b00000)
  to   space 1024K, 0% used [0x00000000d5900000,0x00000000d5900000,0x00000000d5a00000)
 ParOldGen       total 552448K, used 552015K [0x0000000080000000, 0x00000000a1b80000, 0x00000000d5580000)
  object space 552448K, 99% used [0x0000000080000000,0x00000000a1b13e68,0x00000000a1b80000)
 Metaspace       used 68630K, committed 70080K, reserved 1114112K
  class space    used 7270K, committed 7872K, reserved 1048576K
}

