# JRE version: OpenJDK Runtime Environment Temurin-21.0.9+10 (21.0.9+10) (build 21.0.9+10-LTS)
# Java VM: OpenJDK 64-Bit Server VM Temurin-21.0.9+10 (21.0.9+10-LTS, mixed mode, sharing, tiered, compressed oops, compressed class ptrs, parallel gc, windows-amd64)
GC Precious Log:
 CardTable entry size: 512
 CPUs: 16 total, 16 available
 Memory: 16068M
 Large Page Support: Disabled
 NUMA Support: Disabled
 Compressed Oops: Enabled (32-bit)
 Alignments: Space 512K, Generation 512K, Heap 2M
 Heap Min Capacity: 100M
 Heap Initial Capacity: 100M
 Heap Max Capacity: 2G
 Pre-touch: Disabled
 Parallel Workers: 13
Heap:
 PSYoungGen      total 5632K, used 504K [0x00000000d5580000, 0x00000000d5f00000, 0x0000000100000000)
  eden space 3072K, 3% used [0x00000000d5580000,0x00000000d559e130,0x00000000d5880000)
  from space 2560K, 15% used [0x00000000d5b00000,0x00000000d5b60000,0x00000000d5d80000)
  to   space 1024K, 0% used [0x00000000d5e00000,0x00000000d5e00000,0x00000000d5f00000)
 ParOldGen       total 547328K, used 547122K [0x0000000080000000, 0x00000000a1680000, 0x00000000d5580000)
  object space 547328K, 99% used [0x0000000080000000,0x00000000a164caa0,0x00000000a1680000)
 Metaspace       used 70721K, committed 72128K, reserved 1114112K
  class space    used 7437K, committed 8064K, reserved 1048576K
GC Heap History (20 events):
Event: 1846.317 GC heap before
{Heap before GC invocations=375 (full 3):
 PSYoungGen      total 1536K, used 1520K [0x00000000d5580000, 0x00000000d5880000, 0x0000000100000000)
  eden space 1024K, 100% used [0x00000000d5580000,0x00000000d5680000,0x00000000d5680000)
  from space 512K, 96% used [0x00000000d5700000,0x00000000d577c058,0x00000000d5780000)
  to   space 1024K, 0% used [0x00000000d5780000,0x00000000d5780000,0x00000000d5880000)
 ParOldGen       total 535552K, used 535374K [0x0000000080000000, 0x00000000a0b00000, 0x00000000d5580000)
  object space 535552K, 99% used [0x0000000080000000,0x00000000a0ad3920,0x00000000a0b00000)
 Metaspace       used 70371K, committed 71744K, reserved 1114112K
  class space    used 7413K, committed 8064K, reserved 1048576K
}
Event: 1846.318 GC heap after
{Heap after GC invocations=375 (full 3):
 PSYoungGen      total 2048K, used 960K [0x00000000d5580000, 0x00000000d5900000, 0x0000000100000000)
  eden space 1024K, 0% used [0x00000000d5580000,0x00000000d5580000,0x00000000d5680000)
  from space 1024K, 93% used [0x00000000d5780000,0x00000000d5870000,0x00000000d5880000)
  to   space 1024K, 0% used [0x00000000d5680000,0x00000000d5680000,0x00000000d5780000)
 ParOldGen       total 536064K, used 535740K [0x0000000080000000, 0x00000000a0b80000, 0x00000000d5580000)
  object space 536064K, 99% used [0x0000000080000000,0x00000000a0b2f3b8,0x00000000a0b80000)
 Metaspace       used 70371K, committed 71744K, reserved 1114112K
  class space    used 7413K, committed 8064K, reserved 1048576K
}
Event: 1846.319 GC heap before
{Heap before GC invocations=376 (full 3):
 PSYoungGen      total 2048K, used 1984K [0x00000000d5580000, 0x00000000d5900000, 0x0000000100000000)
  eden space 1024K, 100% used [0x00000000d5580000,0x00000000d5680000,0x00000000d5680000)
  from space 1024K, 93% used [0x00000000d5780000,0x00000000d5870000,0x00000000d5880000)
  to   space 1024K, 0% used [0x00000000d5680000,0x00000000d5680000,0x00000000d5780000)
 ParOldGen       total 536064K, used 535740K [0x0000000080000000, 0x00000000a0b80000, 0x00000000d5580000)
  object space 536064K, 99% used [0x0000000080000000,0x00000000a0b2f3b8,0x00000000a0b80000)
 Metaspace       used 70374K, committed 71744K, reserved 1114112K
  class space    used 7413K, committed 8064K, reserved 1048576K
}
Event: 1846.321 GC heap after
{Heap after GC invocations=376 (full 3):
 PSYoungGen      total 2048K, used 1024K [0x00000000d5580000, 0x00000000d5b00000, 0x0000000100000000)
  eden space 1024K, 0% used [0x00000000d5580000,0x00000000d5580000,0x00000000d5680000)
  from space 1024K, 100% used [0x00000000d5680000,0x00000000d5780000,0x00000000d5780000)
  to   space 2048K, 0% used [0x00000000d5900000,0x00000000d5900000,0x00000000d5b00000)
 ParOldGen       total 536576K, used 536572K [0x0000000080000000, 0x00000000a0c00000, 0x00000000d5580000)
  object space 536576K, 99% used [0x0000000080000000,0x00000000a0bff3c8,0x00000000a0c00000)
 Metaspace       used 70374K, committed 71744K, reserved 1114112K
  class space    used 7413K, committed 8064K, reserved 1048576K
}
Event: 1846.321 GC heap before
{Heap before GC invocations=377 (full 3):
 PSYoungGen      total 2048K, used 2048K [0x00000000d5580000, 0x00000000d5b00000, 0x0000000100000000)
  eden space 1024K, 100% used [0x00000000d5580000,0x00000000d5680000,0x00000000d5680000)
  from space 1024K, 100% used [0x00000000d5680000,0x00000000d5780000,0x00000000d5780000)
  to   space 2048K, 0% used [0x00000000d5900000,0x00000000d5900000,0x00000000d5b00000)
 ParOldGen       total 536576K, used 536572K [0x0000000080000000, 0x00000000a0c00000, 0x00000000d5580000)
  object space 536576K, 99% used [0x0000000080000000,0x00000000a0bff3c8,0x00000000a0c00000)
 Metaspace       used 70374K, committed 71744K, reserved 1114112K
  class space    used 7413K, committed 8064K, reserved 1048576K
}
Event: 1846.322 GC heap after
{Heap after GC invocations=377 (full 3):
 PSYoungGen      total 3072K, used 1056K [0x00000000d5580000, 0x00000000d5a80000, 0x0000000100000000)
  eden space 1536K, 0% used [0x00000000d5580000,0x00000000d5580000,0x00000000d5700000)
  from space 1536K, 68% used [0x00000000d5900000,0x00000000d5a08000,0x00000000d5a80000)
  to   space 1536K, 0% used [0x00000000d5780000,0x00000000d5780000,0x00000000d5900000)
 ParOldGen       total 537600K, used 537452K [0x0000000080000000, 0x00000000a0d00000, 0x00000000d5580000)
  object space 537600K, 99% used [0x0000000080000000,0x00000000a0cdb3c8,0x00000000a0d00000)
 Metaspace       used 70374K, committed 71744K, reserved 1114112K
  class space    used 7413K, committed 8064K, reserved 1048576K
}
Event: 1846.324 GC heap before
{Heap before GC invocations=378 (full 3):
 PSYoungGen      total 3072K, used 2592K [0x00000000d5580000, 0x00000000d5a80000, 0x0000000100000000)
  eden space 1536K, 100% used [0x00000000d5580000,0x00000000d5700000,0x00000000d5700000)
  from space 1536K, 68% used [0x00000000d5900000,0x00000000d5a08000,0x00000000d5a80000)
  to   space 1536K, 0% used [0x00000000d5780000,0x00000000d5780000,0x00000000d5900000)
 ParOldGen       total 537600K, used 537452K [0x0000000080000000, 0x00000000a0d00000, 0x00000000d5580000)
  object space 537600K, 99% used [0x0000000080000000,0x00000000a0cdb3c8,0x00000000a0d00000)
 Metaspace       used 70376K, committed 71744K, reserved 1114112K
  class space    used 7413K, committed 8064K, reserved 1048576K
}
Event: 1846.325 GC heap after
{Heap after GC invocations=378 (full 3):
 PSYoungGen      total 3584K, used 1536K [0x00000000d5580000, 0x00000000d5d80000, 0x0000000100000000)
  eden space 2048K, 0% used [0x00000000d5580000,0x00000000d5580000,0x00000000d5780000)
  from space 1536K, 100% used [0x00000000d5780000,0x00000000d5900000,0x00000000d5900000)
  to   space 3072K, 0% used [0x00000000d5a80000,0x00000000d5a80000,0x00000000d5d80000)
 ParOldGen       total 538624K, used 538356K [0x0000000080000000, 0x00000000a0e00000, 0x00000000d5580000)
  object space 538624K, 99% used [0x0000000080000000,0x00000000a0dbd3e8,0x00000000a0e00000)
 Metaspace       used 70376K, committed 71744K, reserved 1114112K
  class space    used 7413K, committed 8064K, reserved 1048576K
}
Event: 1846.329 GC heap before
{Heap before GC invocations=379 (full 3):
 PSYoungGen      total 3584K, used 3584K [0x00000000d5580000, 0x00000000d5d80000, 0x0000000100000000)
  eden space 2048K, 100% used [0x00000000d5580000,0x00000000d5780000,0x00000000d5780000)
  from space 1536K, 100% used [0x00000000d5780000,0x00000000d5900000,0x00000000d5900000)
  to   space 3072K, 0% used [0x00000000d5a80000,0x00000000d5a80000,0x00000000d5d80000)
 ParOldGen       total 538624K, used 538356K [0x0000000080000000, 0x00000000a0e00000, 0x00000000d5580000)
  object space 538624K, 99% used [0x0000000080000000,0x00000000a0dbd3e8,0x00000000a0e00000)
 Metaspace       used 70413K, committed 71808K, reserved 1114112K
  class space    used 7413K, committed 8064K, reserved 1048576K
}
Event: 1846.330 GC heap after
{Heap after GC invocations=379 (full 3):
 PSYoungGen      total 4608K, used 1632K [0x00000000d5580000, 0x00000000d5c80000, 0x0000000100000000)
  eden space 2560K, 0% used [0x00000000d5580000,0x00000000d5580000,0x00000000d5800000)
  from space 2048K, 79% used [0x00000000d5a80000,0x00000000d5c18000,0x00000000d5c80000)
  to   space 2048K, 0% used [0x00000000d5880000,0x00000000d5880000,0x00000000d5a80000)
 ParOldGen       total 540160K, used 539780K [0x0000000080000000, 0x00000000a0f80000, 0x00000000d5580000)
  object space 540160K, 99% used [0x0000000080000000,0x00000000a0f213e8,0x00000000a0f80000)
 Metaspace       used 70413K, committed 71808K, reserved 1114112K
  class space    used 7413K, committed 8064K, reserved 1048576K
}
Event: 1846.336 GC heap before
{Heap before GC invocations=380 (full 3):
 PSYoungGen      total 4608K, used 3771K [0x00000000d5580000, 0x00000000d5c80000, 0x0000000100000000)
  eden space 2560K, 83% used [0x00000000d5580000,0x00000000d5796f60,0x00000000d5800000)
  from space 2048K, 79% used [0x00000000d5a80000,0x00000000d5c18000,0x00000000d5c80000)
  to   space 2048K, 0% used [0x00000000d5880000,0x00000000d5880000,0x00000000d5a80000)
 ParOldGen       total 540160K, used 539780K [0x0000000080000000, 0x00000000a0f80000, 0x00000000d5580000)
  object space 540160K, 99% used [0x0000000080000000,0x00000000a0f213e8,0x00000000a0f80000)
 Metaspace       used 70476K, committed 71872K, reserved 1114112K
  class space    used 7414K, committed 8064K, reserved 1048576K
}
Event: 1846.338 GC heap after
{Heap after GC invocations=380 (full 3):
 PSYoungGen      total 5120K, used 1920K [0x00000000d5580000, 0x00000000d5c80000, 0x0000000100000000)
  eden space 3072K, 0% used [0x00000000d5580000,0x00000000d5580000,0x00000000d5880000)
  from space 2048K, 93% used [0x00000000d5880000,0x00000000d5a60000,0x00000000d5a80000)
  to   space 2048K, 0% used [0x00000000d5a80000,0x00000000d5a80000,0x00000000d5c80000)
 ParOldGen       total 541184K, used 541020K [0x0000000080000000, 0x00000000a1080000, 0x00000000d5580000)
  object space 541184K, 99% used [0x0000000080000000,0x00000000a10573e8,0x00000000a1080000)
 Metaspace       used 70476K, committed 71872K, reserved 1114112K
  class space    used 7414K, committed 8064K, reserved 1048576K
}
Event: 1846.348 GC heap before
{Heap before GC invocations=381 (full 3):
 PSYoungGen      total 5120K, used 4992K [0x00000000d5580000, 0x00000000d5c80000, 0x0000000100000000)
  eden space 3072K, 100% used [0x00000000d5580000,0x00000000d5880000,0x00000000d5880000)
  from space 2048K, 93% used [0x00000000d5880000,0x00000000d5a60000,0x00000000d5a80000)
  to   space 2048K, 0% used [0x00000000d5a80000,0x00000000d5a80000,0x00000000d5c80000)
 ParOldGen       total 541184K, used 541020K [0x0000000080000000, 0x00000000a1080000, 0x00000000d5580000)
  object space 541184K, 99% used [0x0000000080000000,0x00000000a10573e8,0x00000000a1080000)
 Metaspace       used 70565K, committed 71936K, reserved 1114112K
  class space    used 7428K, committed 8064K, reserved 1048576K
}
Event: 1846.349 GC heap after
{Heap after GC invocations=381 (full 3):
 PSYoungGen      total 5120K, used 1958K [0x00000000d5580000, 0x00000000d5d80000, 0x0000000100000000)
  eden space 3072K, 0% used [0x00000000d5580000,0x00000000d5580000,0x00000000d5880000)
  from space 2048K, 95% used [0x00000000d5a80000,0x00000000d5c69a40,0x00000000d5c80000)
  to   space 2048K, 0% used [0x00000000d5880000,0x00000000d5880000,0x00000000d5a80000)
 ParOldGen       total 542720K, used 542331K [0x0000000080000000, 0x00000000a1200000, 0x00000000d5580000)
  object space 542720K, 99% used [0x0000000080000000,0x00000000a119ef58,0x00000000a1200000)
 Metaspace       used 70565K, committed 71936K, reserved 1114112K
  class space    used 7428K, committed 8064K, reserved 1048576K
}
Event: 1846.397 GC heap before
{Heap before GC invocations=382 (full 3):
 PSYoungGen      total 5120K, used 5020K [0x00000000d5580000, 0x00000000d5d80000, 0x0000000100000000)
  eden space 3072K, 99% used [0x00000000d5580000,0x00000000d587d960,0x00000000d5880000)
  from space 2048K, 95% used [0x00000000d5a80000,0x00000000d5c69a40,0x00000000d5c80000)
  to   space 2048K, 0% used [0x00000000d5880000,0x00000000d5880000,0x00000000d5a80000)
 ParOldGen       total 542720K, used 542331K [0x0000000080000000, 0x00000000a1200000, 0x00000000d5580000)
  object space 542720K, 99% used [0x0000000080000000,0x00000000a119ef58,0x00000000a1200000)
 Metaspace       used 70565K, committed 71936K, reserved 1114112K
  class space    used 7428K, committed 8064K, reserved 1048576K
}
Event: 1846.398 GC heap after
{Heap after GC invocations=382 (full 3):
 PSYoungGen      total 5120K, used 2032K [0x00000000d5580000, 0x00000000d6380000, 0x0000000100000000)
  eden space 3072K, 0% used [0x00000000d5580000,0x00000000d5580000,0x00000000d5880000)
  from space 2048K, 99% used [0x00000000d5880000,0x00000000d5a7c000,0x00000000d5a80000)
  to   space 5120K, 0% used [0x00000000d5e80000,0x00000000d5e80000,0x00000000d6380000)
 ParOldGen       total 545280K, used 544810K [0x0000000080000000, 0x00000000a1480000, 0x00000000d5580000)
  object space 545280K, 99% used [0x0000000080000000,0x00000000a140a998,0x00000000a1480000)
 Metaspace       used 70565K, committed 71936K, reserved 1114112K
  class space    used 7428K, committed 8064K, reserved 1048576K
}
Event: 1846.442 GC heap before
{Heap before GC invocations=383 (full 3):
 PSYoungGen      total 5120K, used 5101K [0x00000000d5580000, 0x00000000d6380000, 0x0000000100000000)
  eden space 3072K, 99% used [0x00000000d5580000,0x00000000d587f4b8,0x00000000d5880000)
  from space 2048K, 99% used [0x00000000d5880000,0x00000000d5a7c000,0x00000000d5a80000)
  to   space 5120K, 0% used [0x00000000d5e80000,0x00000000d5e80000,0x00000000d6380000)
 ParOldGen       total 545280K, used 544810K [0x0000000080000000, 0x00000000a1480000, 0x00000000d5580000)
  object space 545280K, 99% used [0x0000000080000000,0x00000000a140a998,0x00000000a1480000)
 Metaspace       used 70614K, committed 72000K, reserved 1114112K
  class space    used 7428K, committed 8064K, reserved 1048576K
}
Event: 1846.444 GC heap after
{Heap after GC invocations=383 (full 3):
 PSYoungGen      total 4608K, used 1200K [0x00000000d5580000, 0x00000000d6000000, 0x0000000100000000)
  eden space 3072K, 0% used [0x00000000d5580000,0x00000000d5580000,0x00000000d5880000)
  from space 1536K, 78% used [0x00000000d5e80000,0x00000000d5fac030,0x00000000d6000000)
  to   space 2560K, 0% used [0x00000000d5b00000,0x00000000d5b00000,0x00000000d5d80000)
 ParOldGen       total 547328K, used 546898K [0x0000000080000000, 0x00000000a1680000, 0x00000000d5580000)
  object space 547328K, 99% used [0x0000000080000000,0x00000000a1614998,0x00000000a1680000)
 Metaspace       used 70614K, committed 72000K, reserved 1114112K
  class space    used 7428K, committed 8064K, reserved 1048576K
}
Event: 2146.430 GC heap before
{Heap before GC invocations=384 (full 3):
 PSYoungGen      total 4608K, used 4272K [0x00000000d5580000, 0x00000000d6000000, 0x0000000100000000)
  eden space 3072K, 100% used [0x00000000d5580000,0x00000000d5880000,0x00000000d5880000)
  from space 1536K, 78% used [0x00000000d5e80000,0x00000000d5fac030,0x00000000d6000000)
  to   space 2560K, 0% used [0x00000000d5b00000,0x00000000d5b00000,0x00000000d5d80000)
 ParOldGen       total 547328K, used 546898K [0x0000000080000000, 0x00000000a1680000, 0x00000000d5580000)
  object space 547328K, 99% used [0x0000000080000000,0x00000000a1614998,0x00000000a1680000)
 Metaspace       used 70699K, committed 72128K, reserved 1114112K
  class space    used 7437K, committed 8064K, reserved 1048576K
}
Event: 2146.432 GC heap after
{Heap after GC invocations=384 (full 3):
 PSYoungGen      total 5632K, used 384K [0x00000000d5580000, 0x00000000d5f00000, 0x0000000100000000)
  eden space 3072K, 0% used [0x00000000d5580000,0x00000000d5580000,0x00000000d5880000)
  from space 2560K, 15% used [0x00000000d5b00000,0x00000000d5b60000,0x00000000d5d80000)
  to   space 1024K, 0% used [0x00000000d5e00000,0x00000000d5e00000,0x00000000d5f00000)
 ParOldGen       total 547328K, used 547122K [0x0000000080000000, 0x00000000a1680000, 0x00000000d5580000)
  object space 547328K, 99% used [0x0000000080000000,0x00000000a164caa0,0x00000000a1680000)
 Metaspace       used 70699K, committed 72128K, reserved 1114112K
  class space    used 7437K, committed 8064K, reserved 1048576K
}

